<?xml version="1.0" encoding="UTF-8"?>
<testsuite name="ru.se.ifmo.cli.UtilsTest" tests="5" skipped="0" failures="0" errors="0" timestamp="2025-05-18T15:01:28.705Z" hostname="Mac" time="0.002">
  <properties/>
  <testcase name="injectProject_nullProject_throws()" classname="ru.se.ifmo.cli.UtilsTest" time="0.0"/>
  <testcase name="injectProject_viaSetter_success()" classname="ru.se.ifmo.cli.UtilsTest" time="0.0"/>
  <testcase name="injectProject_nullTarget_throws()" classname="ru.se.ifmo.cli.UtilsTest" time="0.0"/>
  <testcase name="injectProject_viaField_success()" classname="ru.se.ifmo.cli.UtilsTest" time="0.001"/>
  <testcase name="injectProject_noSetterOrField_throws()" classname="ru.se.ifmo.cli.UtilsTest" time="0.0"/>
  <system-out><![CDATA[]]></system-out>
  <system-err><![CDATA[]]></system-err>
</testsuite>
